<?xml version="1.0" encoding="UTF-8"?>
<testng-results ignored="0" total="1" passed="1" failed="0" skipped="0">
  <reporter-output>
  </reporter-output>
  <suite started-at="2021-11-01T23:04:18 SGT" name="Surefire suite" finished-at="2021-11-01T23:04:28 SGT" duration-ms="10629">
    <groups>
    </groups>
    <test started-at="2021-11-01T23:04:18 SGT" name="Surefire test" finished-at="2021-11-01T23:04:28 SGT" duration-ms="10629">
      <class name="com.herokuapp.theinternet.PositiveTests">
        <test-method signature="loginTest()[pri:0, instance:com.herokuapp.theinternet.PositiveTests@206a70ef]" started-at="2021-11-01T23:04:18 SGT" name="loginTest" finished-at="2021-11-01T23:04:28 SGT" duration-ms="10604" status="PASS">
          <reporter-output>
          </reporter-output>
        </test-method> <!-- loginTest -->
      </class> <!-- com.herokuapp.theinternet.PositiveTests -->
    </test> <!-- Surefire test -->
  </suite> <!-- Surefire suite -->
</testng-results>
